0 info it worked if it ends with ok
1 verbose cli [ '/usr/local/bin/node', '/usr/local/bin/npm', 'run', 'deploy' ]
2 info using npm@6.14.10
3 info using node@v14.15.4
4 verbose run-script [ 'predeploy', 'deploy', 'postdeploy' ]
5 info lifecycle react-portfolio@0.1.0~predeploy: react-portfolio@0.1.0
6 verbose lifecycle react-portfolio@0.1.0~predeploy: unsafe-perm in lifecycle true
7 verbose lifecycle react-portfolio@0.1.0~predeploy: PATH: /usr/local/lib/node_modules/npm/node_modules/npm-lifecycle/node-gyp-bin:/Users/macheyasteele/Documents/school/second-half-projects/react-portfolio/node_modules/.bin:/usr/local/bin:/usr/bin:/bin:/usr/sbin:/sbin:/Library/Apple/usr/bin:/usr/local/mysql/bin/.
8 verbose lifecycle react-portfolio@0.1.0~predeploy: CWD: /Users/macheyasteele/Documents/school/second-half-projects/react-portfolio
9 silly lifecycle react-portfolio@0.1.0~predeploy: Args: [ '-c', 'npm run build' ]
10 silly lifecycle react-portfolio@0.1.0~predeploy: Returned: code: 0  signal: null
11 info lifecycle react-portfolio@0.1.0~deploy: react-portfolio@0.1.0
12 verbose lifecycle react-portfolio@0.1.0~deploy: unsafe-perm in lifecycle true
13 verbose lifecycle react-portfolio@0.1.0~deploy: PATH: /usr/local/lib/node_modules/npm/node_modules/npm-lifecycle/node-gyp-bin:/Users/macheyasteele/Documents/school/second-half-projects/react-portfolio/node_modules/.bin:/usr/local/bin:/usr/bin:/bin:/usr/sbin:/sbin:/Library/Apple/usr/bin:/usr/local/mysql/bin/.
14 verbose lifecycle react-portfolio@0.1.0~deploy: CWD: /Users/macheyasteele/Documents/school/second-half-projects/react-portfolio
15 silly lifecycle react-portfolio@0.1.0~deploy: Args: [ '-c', 'gh-pages -d build' ]
16 silly lifecycle react-portfolio@0.1.0~deploy: Returned: code: 1  signal: null
17 info lifecycle react-portfolio@0.1.0~deploy: Failed to exec deploy script
18 verbose stack Error: react-portfolio@0.1.0 deploy: `gh-pages -d build`
18 verbose stack Exit status 1
18 verbose stack     at EventEmitter.<anonymous> (/usr/local/lib/node_modules/npm/node_modules/npm-lifecycle/index.js:332:16)
18 verbose stack     at EventEmitter.emit (events.js:315:20)
18 verbose stack     at ChildProcess.<anonymous> (/usr/local/lib/node_modules/npm/node_modules/npm-lifecycle/lib/spawn.js:55:14)
18 verbose stack     at ChildProcess.emit (events.js:315:20)
18 verbose stack     at maybeClose (internal/child_process.js:1048:16)
18 verbose stack     at Process.ChildProcess._handle.onexit (internal/child_process.js:288:5)
19 verbose pkgid react-portfolio@0.1.0
20 verbose cwd /Users/macheyasteele/Documents/school/second-half-projects/react-portfolio
21 verbose Darwin 20.3.0
22 verbose argv "/usr/local/bin/node" "/usr/local/bin/npm" "run" "deploy"
23 verbose node v14.15.4
24 verbose npm  v6.14.10
25 error code ELIFECYCLE
26 error errno 1
27 error react-portfolio@0.1.0 deploy: `gh-pages -d build`
27 error Exit status 1
28 error Failed at the react-portfolio@0.1.0 deploy script.
28 error This is probably not a problem with npm. There is likely additional logging output above.
29 verbose exit [ 1, true ]
